  Determining projects to restore...
  All projects are up-to-date for restore.
  PointOnSale.Domain -> D:\AntigravityCodes\POS\Codex_pos_system_mdraza\PointOnSale\backend\PointOnSale.Domain\bin\Debug\net8.0\PointOnSale.Domain.dll
  PointOnSale.Shared -> D:\AntigravityCodes\POS\Codex_pos_system_mdraza\PointOnSale\backend\PointOnSale.Shared\bin\Debug\net8.0\PointOnSale.Shared.dll
  PointOnSale.Application -> D:\AntigravityCodes\POS\Codex_pos_system_mdraza\PointOnSale\backend\PointOnSale.Application\bin\Debug\net8.0\PointOnSale.Application.dll
D:\AntigravityCodes\POS\Codex_pos_system_mdraza\PointOnSale\backend\PointOnSale.Infrastructure\Services\StockRequestService.cs(31,23): error CS1061: 'ScopeNode' does not contain a definition for 'Type' and no accessible extension method 'Type' accepting a first argument of type 'ScopeNode' could be found (are you missing a using directive or an assembly reference?) [D:\AntigravityCodes\POS\Codex_pos_system_mdraza\PointOnSale\backend\PointOnSale.Infrastructure\PointOnSale.Infrastructure.csproj]
D:\AntigravityCodes\POS\Codex_pos_system_mdraza\PointOnSale\backend\PointOnSale.Infrastructure\Services\StockRequestService.cs(31,58): error CS1061: 'ScopeNode' does not contain a definition for 'Type' and no accessible extension method 'Type' accepting a first argument of type 'ScopeNode' could be found (are you missing a using directive or an assembly reference?) [D:\AntigravityCodes\POS\Codex_pos_system_mdraza\PointOnSale\backend\PointOnSale.Infrastructure\PointOnSale.Infrastructure.csproj]
D:\AntigravityCodes\POS\Codex_pos_system_mdraza\PointOnSale\backend\PointOnSale.Infrastructure\Services\StockRequestService.cs(32,28): error CS1061: 'ScopeNode' does not contain a definition for 'Type' and no accessible extension method 'Type' accepting a first argument of type 'ScopeNode' could be found (are you missing a using directive or an assembly reference?) [D:\AntigravityCodes\POS\Codex_pos_system_mdraza\PointOnSale\backend\PointOnSale.Infrastructure\PointOnSale.Infrastructure.csproj]
D:\AntigravityCodes\POS\Codex_pos_system_mdraza\PointOnSale\backend\PointOnSale.Infrastructure\Services\StockRequestService.cs(32,66): error CS1061: 'ScopeNode' does not contain a definition for 'Type' and no accessible extension method 'Type' accepting a first argument of type 'ScopeNode' could be found (are you missing a using directive or an assembly reference?) [D:\AntigravityCodes\POS\Codex_pos_system_mdraza\PointOnSale\backend\PointOnSale.Infrastructure\PointOnSale.Infrastructure.csproj]
D:\AntigravityCodes\POS\Codex_pos_system_mdraza\PointOnSale\backend\PointOnSale.Infrastructure\Services\StockRequestService.cs(33,28): error CS1061: 'ScopeNode' does not contain a definition for 'Type' and no accessible extension method 'Type' accepting a first argument of type 'ScopeNode' could be found (are you missing a using directive or an assembly reference?) [D:\AntigravityCodes\POS\Codex_pos_system_mdraza\PointOnSale\backend\PointOnSale.Infrastructure\PointOnSale.Infrastructure.csproj]
D:\AntigravityCodes\POS\Codex_pos_system_mdraza\PointOnSale\backend\PointOnSale.Infrastructure\Services\StockRequestService.cs(33,64): error CS1061: 'ScopeNode' does not contain a definition for 'Type' and no accessible extension method 'Type' accepting a first argument of type 'ScopeNode' could be found (are you missing a using directive or an assembly reference?) [D:\AntigravityCodes\POS\Codex_pos_system_mdraza\PointOnSale\backend\PointOnSale.Infrastructure\PointOnSale.Infrastructure.csproj]
D:\AntigravityCodes\POS\Codex_pos_system_mdraza\PointOnSale\backend\PointOnSale.Infrastructure\Services\StockRequestService.cs(33,102): error CS1061: 'ScopeNode' does not contain a definition for 'Type' and no accessible extension method 'Type' accepting a first argument of type 'ScopeNode' could be found (are you missing a using directive or an assembly reference?) [D:\AntigravityCodes\POS\Codex_pos_system_mdraza\PointOnSale\backend\PointOnSale.Infrastructure\PointOnSale.Infrastructure.csproj]
D:\AntigravityCodes\POS\Codex_pos_system_mdraza\PointOnSale\backend\PointOnSale.Infrastructure\Services\StockRequestService.cs(33,137): error CS1061: 'ScopeNode' does not contain a definition for 'Type' and no accessible extension method 'Type' accepting a first argument of type 'ScopeNode' could be found (are you missing a using directive or an assembly reference?) [D:\AntigravityCodes\POS\Codex_pos_system_mdraza\PointOnSale\backend\PointOnSale.Infrastructure\PointOnSale.Infrastructure.csproj]
D:\AntigravityCodes\POS\Codex_pos_system_mdraza\PointOnSale\backend\PointOnSale.Infrastructure\Services\StockRequestService.cs(40,89): error CS1061: 'ScopeNode' does not contain a definition for 'Type' and no accessible extension method 'Type' accepting a first argument of type 'ScopeNode' could be found (are you missing a using directive or an assembly reference?) [D:\AntigravityCodes\POS\Codex_pos_system_mdraza\PointOnSale\backend\PointOnSale.Infrastructure\PointOnSale.Infrastructure.csproj]
D:\AntigravityCodes\POS\Codex_pos_system_mdraza\PointOnSale\backend\PointOnSale.Infrastructure\Services\StockRequestService.cs(40,124): error CS1061: 'ScopeNode' does not contain a definition for 'Type' and no accessible extension method 'Type' accepting a first argument of type 'ScopeNode' could be found (are you missing a using directive or an assembly reference?) [D:\AntigravityCodes\POS\Codex_pos_system_mdraza\PointOnSale\backend\PointOnSale.Infrastructure\PointOnSale.Infrastructure.csproj]

Build FAILED.

D:\AntigravityCodes\POS\Codex_pos_system_mdraza\PointOnSale\backend\PointOnSale.Infrastructure\Services\StockRequestService.cs(31,23): error CS1061: 'ScopeNode' does not contain a definition for 'Type' and no accessible extension method 'Type' accepting a first argument of type 'ScopeNode' could be found (are you missing a using directive or an assembly reference?) [D:\AntigravityCodes\POS\Codex_pos_system_mdraza\PointOnSale\backend\PointOnSale.Infrastructure\PointOnSale.Infrastructure.csproj]
D:\AntigravityCodes\POS\Codex_pos_system_mdraza\PointOnSale\backend\PointOnSale.Infrastructure\Services\StockRequestService.cs(31,58): error CS1061: 'ScopeNode' does not contain a definition for 'Type' and no accessible extension method 'Type' accepting a first argument of type 'ScopeNode' could be found (are you missing a using directive or an assembly reference?) [D:\AntigravityCodes\POS\Codex_pos_system_mdraza\PointOnSale\backend\PointOnSale.Infrastructure\PointOnSale.Infrastructure.csproj]
D:\AntigravityCodes\POS\Codex_pos_system_mdraza\PointOnSale\backend\PointOnSale.Infrastructure\Services\StockRequestService.cs(32,28): error CS1061: 'ScopeNode' does not contain a definition for 'Type' and no accessible extension method 'Type' accepting a first argument of type 'ScopeNode' could be found (are you missing a using directive or an assembly reference?) [D:\AntigravityCodes\POS\Codex_pos_system_mdraza\PointOnSale\backend\PointOnSale.Infrastructure\PointOnSale.Infrastructure.csproj]
D:\AntigravityCodes\POS\Codex_pos_system_mdraza\PointOnSale\backend\PointOnSale.Infrastructure\Services\StockRequestService.cs(32,66): error CS1061: 'ScopeNode' does not contain a definition for 'Type' and no accessible extension method 'Type' accepting a first argument of type 'ScopeNode' could be found (are you missing a using directive or an assembly reference?) [D:\AntigravityCodes\POS\Codex_pos_system_mdraza\PointOnSale\backend\PointOnSale.Infrastructure\PointOnSale.Infrastructure.csproj]
D:\AntigravityCodes\POS\Codex_pos_system_mdraza\PointOnSale\backend\PointOnSale.Infrastructure\Services\StockRequestService.cs(33,28): error CS1061: 'ScopeNode' does not contain a definition for 'Type' and no accessible extension method 'Type' accepting a first argument of type 'ScopeNode' could be found (are you missing a using directive or an assembly reference?) [D:\AntigravityCodes\POS\Codex_pos_system_mdraza\PointOnSale\backend\PointOnSale.Infrastructure\PointOnSale.Infrastructure.csproj]
D:\AntigravityCodes\POS\Codex_pos_system_mdraza\PointOnSale\backend\PointOnSale.Infrastructure\Services\StockRequestService.cs(33,64): error CS1061: 'ScopeNode' does not contain a definition for 'Type' and no accessible extension method 'Type' accepting a first argument of type 'ScopeNode' could be found (are you missing a using directive or an assembly reference?) [D:\AntigravityCodes\POS\Codex_pos_system_mdraza\PointOnSale\backend\PointOnSale.Infrastructure\PointOnSale.Infrastructure.csproj]
D:\AntigravityCodes\POS\Codex_pos_system_mdraza\PointOnSale\backend\PointOnSale.Infrastructure\Services\StockRequestService.cs(33,102): error CS1061: 'ScopeNode' does not contain a definition for 'Type' and no accessible extension method 'Type' accepting a first argument of type 'ScopeNode' could be found (are you missing a using directive or an assembly reference?) [D:\AntigravityCodes\POS\Codex_pos_system_mdraza\PointOnSale\backend\PointOnSale.Infrastructure\PointOnSale.Infrastructure.csproj]
D:\AntigravityCodes\POS\Codex_pos_system_mdraza\PointOnSale\backend\PointOnSale.Infrastructure\Services\StockRequestService.cs(33,137): error CS1061: 'ScopeNode' does not contain a definition for 'Type' and no accessible extension method 'Type' accepting a first argument of type 'ScopeNode' could be found (are you missing a using directive or an assembly reference?) [D:\AntigravityCodes\POS\Codex_pos_system_mdraza\PointOnSale\backend\PointOnSale.Infrastructure\PointOnSale.Infrastructure.csproj]
D:\AntigravityCodes\POS\Codex_pos_system_mdraza\PointOnSale\backend\PointOnSale.Infrastructure\Services\StockRequestService.cs(40,89): error CS1061: 'ScopeNode' does not contain a definition for 'Type' and no accessible extension method 'Type' accepting a first argument of type 'ScopeNode' could be found (are you missing a using directive or an assembly reference?) [D:\AntigravityCodes\POS\Codex_pos_system_mdraza\PointOnSale\backend\PointOnSale.Infrastructure\PointOnSale.Infrastructure.csproj]
D:\AntigravityCodes\POS\Codex_pos_system_mdraza\PointOnSale\backend\PointOnSale.Infrastructure\Services\StockRequestService.cs(40,124): error CS1061: 'ScopeNode' does not contain a definition for 'Type' and no accessible extension method 'Type' accepting a first argument of type 'ScopeNode' could be found (are you missing a using directive or an assembly reference?) [D:\AntigravityCodes\POS\Codex_pos_system_mdraza\PointOnSale\backend\PointOnSale.Infrastructure\PointOnSale.Infrastructure.csproj]
    0 Warning(s)
    10 Error(s)

Time Elapsed 00:00:02.09
